<?xml version="1.0" encoding="UTF-8"?>
<!-- Generated by org.testng.reporters.JUnitReportReporter -->
<testsuite hostname="4ZPKCL3" failures="0" tests="1" name="testCases.TC002_LoginTest" time="1.734" errors="0" timestamp="2024-11-13T14:47:59 IST" skipped="0">
  <testcase classname="testCases.TC002_LoginTest" name="verify_login" time="1.734"/>
</testsuite> <!-- testCases.TC002_LoginTest -->
